<?xml version="1.0" encoding="UTF-8"?>
<testng-results skipped="0" failed="0" ignored="0" total="1" passed="1">
  <reporter-output>
  </reporter-output>
  <suite name="Default suite" duration-ms="16905" started-at="2020-04-04T00:08:28 CDT" finished-at="2020-04-04T00:08:45 CDT">
    <groups>
    </groups>
    <test name="Default test" duration-ms="16905" started-at="2020-04-04T00:08:28 CDT" finished-at="2020-04-04T00:08:45 CDT">
      <class name="test.AddContactTest">
        <test-method status="PASS" signature="AddingContact()[pri:0, instance:test.AddContactTest@5a59ca5e]" name="AddingContact" duration-ms="16881" started-at="2020-04-04T00:08:28 CDT" finished-at="2020-04-04T00:08:45 CDT">
          <reporter-output>
          </reporter-output>
        </test-method> <!-- AddingContact -->
      </class> <!-- test.AddContactTest -->
    </test> <!-- Default test -->
  </suite> <!-- Default suite -->
</testng-results>
